2016-06-12 11:56:25,854 [Worker-12] INFO  o.e.m.c.i.l.LifecycleMappingFactory - Using org.eclipse.m2e.jdt.JarLifecycleMapping lifecycle mapping for MavenProject: RecSysYelp2013:RecSysYelp2013:0.0.1-SNAPSHOT @ D:\FMI_Projects\RecSysProject\RecSysYelp2013\RecSysYelp2013\pom.xml.
2016-06-12 11:56:27,783 [Worker-16] WARN  o.e.m.c.i.embedder.EclipseLogger - Using platform encoding (Cp1251 actually) to copy filtered resources, i.e. build is platform dependent!
2016-06-12 11:56:27,789 [Worker-16] INFO  o.e.m.c.i.embedder.EclipseLogger - skip non existing resourceDirectory D:\FMI_Projects\RecSysProject\RecSysYelp2013\RecSysYelp2013\src\main\resources
2016-06-12 11:56:27,793 [Worker-16] WARN  o.e.m.c.i.embedder.EclipseLogger - Using platform encoding (Cp1251 actually) to copy filtered resources, i.e. build is platform dependent!
2016-06-12 11:56:27,795 [Worker-16] INFO  o.e.m.c.i.embedder.EclipseLogger - skip non existing resourceDirectory D:\FMI_Projects\RecSysProject\RecSysYelp2013\RecSysYelp2013\src\test\resources
2016-06-12 11:56:27,799 [Worker-12] INFO  o.e.m.j.i.AbstractJavaProjectConfigurator - Adding source folder /RecSysYelp2013/src
2016-06-12 11:56:27,800 [Worker-12] INFO  o.e.m.j.i.AbstractJavaProjectConfigurator - Not adding source folder /RecSysYelp2013/src/test/java because it overlaps with /RecSysYelp2013/src
2016-06-12 11:56:27,921 [Worker-12] INFO  o.e.m.c.i.p.ProjectConfigurationManager - Update started
2016-06-12 11:56:28,839 [Worker-12] INFO  o.e.m.c.i.l.LifecycleMappingFactory - Using org.eclipse.m2e.jdt.JarLifecycleMapping lifecycle mapping for MavenProject: RecSysYelp2013:RecSysYelp2013:0.0.1-SNAPSHOT @ D:\FMI_Projects\RecSysProject\RecSysYelp2013\RecSysYelp2013\pom.xml.
2016-06-12 11:56:29,667 [Worker-2] WARN  o.e.m.c.i.embedder.EclipseLogger - Using platform encoding (Cp1251 actually) to copy filtered resources, i.e. build is platform dependent!
2016-06-12 11:56:29,668 [Worker-2] INFO  o.e.m.c.i.embedder.EclipseLogger - skip non existing resourceDirectory D:\FMI_Projects\RecSysProject\RecSysYelp2013\RecSysYelp2013\src\main\resources
2016-06-12 11:56:29,671 [Worker-2] WARN  o.e.m.c.i.embedder.EclipseLogger - Using platform encoding (Cp1251 actually) to copy filtered resources, i.e. build is platform dependent!
2016-06-12 11:56:29,673 [Worker-2] INFO  o.e.m.c.i.embedder.EclipseLogger - skip non existing resourceDirectory D:\FMI_Projects\RecSysProject\RecSysYelp2013\RecSysYelp2013\src\test\resources
2016-06-12 11:56:29,676 [Worker-12] INFO  o.e.m.j.i.AbstractJavaProjectConfigurator - Adding source folder /RecSysYelp2013/src
2016-06-12 11:56:29,676 [Worker-12] INFO  o.e.m.j.i.AbstractJavaProjectConfigurator - Not adding source folder /RecSysYelp2013/src/test/java because it overlaps with /RecSysYelp2013/src
2016-06-12 11:56:29,751 [Worker-12] INFO  o.e.m.c.i.p.ProjectConfigurationManager - Update completed: 1 sec
2016-06-12 11:56:30,728 [Worker-1] WARN  o.e.m.c.i.embedder.EclipseLogger - Using platform encoding (Cp1251 actually) to copy filtered resources, i.e. build is platform dependent!
2016-06-12 11:56:30,729 [Worker-1] INFO  o.e.m.c.i.embedder.EclipseLogger - skip non existing resourceDirectory D:\FMI_Projects\RecSysProject\RecSysYelp2013\RecSysYelp2013\src\main\resources
2016-06-12 11:56:30,731 [Worker-1] WARN  o.e.m.c.i.embedder.EclipseLogger - Using platform encoding (Cp1251 actually) to copy filtered resources, i.e. build is platform dependent!
2016-06-12 11:56:30,732 [Worker-1] INFO  o.e.m.c.i.embedder.EclipseLogger - skip non existing resourceDirectory D:\FMI_Projects\RecSysProject\RecSysYelp2013\RecSysYelp2013\src\test\resources
2016-06-12 11:58:27,746 [Worker-1] INFO  o.e.m.c.i.l.LifecycleMappingFactory - Using org.eclipse.m2e.jdt.JarLifecycleMapping lifecycle mapping for MavenProject: RecSysYelp2013:RecSysYelp2013:0.0.1-SNAPSHOT @ D:\FMI_Projects\RecSysProject\RecSysYelp2013\RecSysYelp2013\pom.xml.
2016-06-12 11:58:33,626 [Worker-1] INFO  o.e.m.c.i.embedder.EclipseLogger - Using 'UTF-8' encoding to copy filtered resources.
2016-06-12 11:58:33,626 [Worker-1] INFO  o.e.m.c.i.embedder.EclipseLogger - skip non existing resourceDirectory D:\FMI_Projects\RecSysProject\RecSysYelp2013\RecSysYelp2013\src\main\resources
2016-06-12 11:58:33,629 [Worker-1] INFO  o.e.m.c.i.embedder.EclipseLogger - Using 'UTF-8' encoding to copy filtered resources.
2016-06-12 11:58:33,629 [Worker-1] INFO  o.e.m.c.i.embedder.EclipseLogger - skip non existing resourceDirectory D:\FMI_Projects\RecSysProject\RecSysYelp2013\RecSysYelp2013\src\test\resources
2016-06-12 12:42:26,760 [Worker-1] INFO  o.e.m.c.i.embedder.EclipseLogger - Using 'UTF-8' encoding to copy filtered resources.
2016-06-12 12:42:26,760 [Worker-1] INFO  o.e.m.c.i.embedder.EclipseLogger - skip non existing resourceDirectory D:\FMI_Projects\RecSysProject\RecSysYelp2013\RecSysYelp2013\src\main\resources
2016-06-12 12:42:26,762 [Worker-1] INFO  o.e.m.c.i.embedder.EclipseLogger - Using 'UTF-8' encoding to copy filtered resources.
2016-06-12 12:42:26,762 [Worker-1] INFO  o.e.m.c.i.embedder.EclipseLogger - skip non existing resourceDirectory D:\FMI_Projects\RecSysProject\RecSysYelp2013\RecSysYelp2013\src\test\resources
2016-06-12 12:45:46,364 [Worker-21] INFO  o.e.m.c.i.embedder.EclipseLogger - Using 'UTF-8' encoding to copy filtered resources.
2016-06-12 12:45:46,364 [Worker-21] INFO  o.e.m.c.i.embedder.EclipseLogger - skip non existing resourceDirectory D:\FMI_Projects\RecSysProject\RecSysYelp2013\RecSysYelp2013\src\main\resources
2016-06-12 12:45:46,366 [Worker-21] INFO  o.e.m.c.i.embedder.EclipseLogger - Using 'UTF-8' encoding to copy filtered resources.
2016-06-12 12:45:46,366 [Worker-21] INFO  o.e.m.c.i.embedder.EclipseLogger - skip non existing resourceDirectory D:\FMI_Projects\RecSysProject\RecSysYelp2013\RecSysYelp2013\src\test\resources
2016-06-12 12:56:45,483 [Worker-27] INFO  o.e.m.c.i.embedder.EclipseLogger - Using 'UTF-8' encoding to copy filtered resources.
2016-06-12 12:56:45,483 [Worker-27] INFO  o.e.m.c.i.embedder.EclipseLogger - skip non existing resourceDirectory D:\FMI_Projects\RecSysProject\RecSysYelp2013\RecSysYelp2013\src\main\resources
2016-06-12 12:56:45,485 [Worker-27] INFO  o.e.m.c.i.embedder.EclipseLogger - Using 'UTF-8' encoding to copy filtered resources.
2016-06-12 12:56:45,485 [Worker-27] INFO  o.e.m.c.i.embedder.EclipseLogger - skip non existing resourceDirectory D:\FMI_Projects\RecSysProject\RecSysYelp2013\RecSysYelp2013\src\test\resources
